0 info it worked if it ends with ok
1 verbose cli [ 'C:\\Program Files\\nodejs\\node.exe',
1 verbose cli   'C:\\Program Files\\nodejs\\node_modules\\npm\\bin\\npm-cli.js',
1 verbose cli   'publish' ]
2 info using npm@3.7.3
3 info using node@v5.9.0
4 verbose publish [ '.' ]
5 silly cache add args [ '.', null ]
6 verbose cache add spec .
7 silly cache add parsed spec Result {
7 silly cache add   raw: '.',
7 silly cache add   scope: null,
7 silly cache add   name: null,
7 silly cache add   rawSpec: '.',
7 silly cache add   spec: 'C:\\Projetos\\Git\\hmac-file-stream',
7 silly cache add   type: 'directory' }
8 verbose addLocalDirectory C:\Users\eduardo.santos\AppData\Roaming\npm-cache\hmac-file-stream\1.0.0\package.tgz not in flight; packing
9 verbose correctMkdir C:\Users\eduardo.santos\AppData\Roaming\npm-cache correctMkdir not in flight; initializing
10 info lifecycle hmac-file-stream@1.0.0~prepublish: hmac-file-stream@1.0.0
11 silly lifecycle hmac-file-stream@1.0.0~prepublish: no script for prepublish, continuing
12 verbose tar pack [ 'C:\\Users\\eduardo.santos\\AppData\\Roaming\\npm-cache\\hmac-file-stream\\1.0.0\\package.tgz',
12 verbose tar pack   'C:\\Projetos\\Git\\hmac-file-stream' ]
13 verbose tarball C:\Users\eduardo.santos\AppData\Roaming\npm-cache\hmac-file-stream\1.0.0\package.tgz
14 verbose folder C:\Projetos\Git\hmac-file-stream
15 verbose addLocalTarball adding from inside cache C:\Users\eduardo.santos\AppData\Roaming\npm-cache\hmac-file-stream\1.0.0\package.tgz
16 verbose correctMkdir C:\Users\eduardo.santos\AppData\Roaming\npm-cache correctMkdir not in flight; initializing
17 silly cache afterAdd hmac-file-stream@1.0.0
18 verbose afterAdd C:\Users\eduardo.santos\AppData\Roaming\npm-cache\hmac-file-stream\1.0.0\package\package.json not in flight; writing
19 verbose correctMkdir C:\Users\eduardo.santos\AppData\Roaming\npm-cache correctMkdir not in flight; initializing
20 verbose afterAdd C:\Users\eduardo.santos\AppData\Roaming\npm-cache\hmac-file-stream\1.0.0\package\package.json written
21 silly publish { name: 'hmac-file-stream',
21 silly publish   version: '1.0.0',
21 silly publish   description: 'Minimalist crypto hmac digest for files (file content)',
21 silly publish   homepage: 'http://github.com/nyraxle/hmac-file-stream',
21 silly publish   author: { name: 'Eduardo Arnold', email: 'eduardo@radbird.com' },
21 silly publish   license: '(MIT OR Apache-2.0)',
21 silly publish   main: 'index.js',
21 silly publish   repository:
21 silly publish    { type: 'git',
21 silly publish      url: 'git://github.com/nyraxle/hmac-file-stream.git' },
21 silly publish   keywords: [ 'crypto', 'hmac', 'streaming', 'file', 'stream' ],
21 silly publish   engines: { node: '*' },
21 silly publish   readme: '# hmac-file-stream\r\n\r\nparse file content to hmac digest\r\n\r\n## install\r\n\r\n```npm install hmac-file-stream```\r\n\r\n## example\r\n\r\n``` js\r\nvar hmacFileStream = require(\'hmac-file-stream\');\r\nvar hmac = hmacFileStream.createHmac(\'sha1\', \'secret\');\r\n\r\nhmac.update(\'file-name\');\r\n\r\nhmac.digest(\'hex\').pipe(stdout);\r\n// Will print the hash to file content\r\n```\r\n\r\n## license\r\n\r\nDual-licensed under the MIT License or the Apache License, version 2.0',
21 silly publish   readmeFilename: 'README.md',
21 silly publish   gitHead: '95f254705f22dd68b50e66568be91fca18f696d5',
21 silly publish   bugs: { url: 'https://github.com/nyraxle/hmac-file-stream/issues' },
21 silly publish   _id: 'hmac-file-stream@1.0.0',
21 silly publish   scripts: {},
21 silly publish   _shasum: 'a782e9d06342486a93bbb94250925246259eed28',
21 silly publish   _from: '.' }
22 verbose getPublishConfig undefined
23 silly mapToRegistry name hmac-file-stream
24 silly mapToRegistry using default registry
25 silly mapToRegistry registry https://registry.npmjs.org/
26 silly mapToRegistry uri https://registry.npmjs.org/hmac-file-stream
27 verbose publish registryBase https://registry.npmjs.org/
28 silly publish uploading C:\Users\eduardo.santos\AppData\Roaming\npm-cache\hmac-file-stream\1.0.0\package.tgz
29 verbose request uri https://registry.npmjs.org/hmac-file-stream
30 verbose request sending authorization for write operation
31 info attempt registry request try #1 at 16:22:38
32 verbose request using bearer token for auth
33 verbose request id 422fe8ee7034c5d6
34 http request PUT https://registry.npmjs.org/hmac-file-stream
35 http 403 https://registry.npmjs.org/hmac-file-stream
36 verbose headers { 'content-type': 'application/json',
36 verbose headers   'cache-control': 'max-age=300',
36 verbose headers   'content-length': '128',
36 verbose headers   'accept-ranges': 'bytes',
36 verbose headers   date: 'Tue, 29 Nov 2016 18:22:40 GMT',
36 verbose headers   via: '1.1 varnish',
36 verbose headers   connection: 'keep-alive',
36 verbose headers   'x-served-by': 'cache-iad2622-IAD',
36 verbose headers   'x-cache': 'MISS',
36 verbose headers   'x-cache-hits': '0',
36 verbose headers   'x-timer': 'S1480443758.724026,VS0,VE1402',
36 verbose headers   vary: 'Accept-Encoding' }
37 verbose request invalidating C:\Users\eduardo.santos\AppData\Roaming\npm-cache\registry.npmjs.org\hmac-file-stream on PUT
38 error publish Failed PUT 403
39 verbose stack Error: "You cannot publish over the previously published version 1.0.0. Try bumping the version to 2.0.0" : hmac-file-stream
39 verbose stack     at makeError (C:\Program Files\nodejs\node_modules\npm\node_modules\npm-registry-client\lib\request.js:264:12)
39 verbose stack     at CachingRegistryClient.<anonymous> (C:\Program Files\nodejs\node_modules\npm\node_modules\npm-registry-client\lib\request.js:252:14)
39 verbose stack     at Request._callback (C:\Program Files\nodejs\node_modules\npm\node_modules\npm-registry-client\lib\request.js:172:14)
39 verbose stack     at Request.self.callback (C:\Program Files\nodejs\node_modules\npm\node_modules\request\request.js:199:22)
39 verbose stack     at emitTwo (events.js:100:13)
39 verbose stack     at Request.emit (events.js:185:7)
39 verbose stack     at Request.<anonymous> (C:\Program Files\nodejs\node_modules\npm\node_modules\request\request.js:1036:10)
39 verbose stack     at emitOne (events.js:95:20)
39 verbose stack     at Request.emit (events.js:182:7)
39 verbose stack     at IncomingMessage.<anonymous> (C:\Program Files\nodejs\node_modules\npm\node_modules\request\request.js:963:12)
40 verbose statusCode 403
41 verbose pkgid hmac-file-stream
42 verbose cwd C:\Projetos\Git\hmac-file-stream
43 error Windows_NT 6.3.9600
44 error argv "C:\\Program Files\\nodejs\\node.exe" "C:\\Program Files\\nodejs\\node_modules\\npm\\bin\\npm-cli.js" "publish"
45 error node v5.9.0
46 error npm  v3.7.3
47 error code E403
48 error "You cannot publish over the previously published version 1.0.0. Try bumping the version to 2.0.0" : hmac-file-stream
49 error If you need help, you may report this error at:
49 error     <https://github.com/npm/npm/issues>
50 verbose exit [ 1, true ]
